<?xml version="1.0" encoding="UTF-8"?>
<!-- Generated by org.testng.reporters.JUnitReportReporter -->
<testsuite hostname="adeeb" failures="0" tests="1" name="alaacademy.appium.DragDropDemo" time="6.540" errors="0" timestamp="04 Jan 2024 16:15:28 GMT" skipped="0">
  <testcase classname="alaacademy.appium.DragDropDemo" name="DragDropTest" time="6.540"/>
</testsuite> <!-- alaacademy.appium.DragDropDemo -->
