<?xml version="1.0" encoding="UTF-8"?>
<!-- Generated by org.testng.reporters.JUnitReportReporter -->
<testsuite hostname="adeeb" failures="0" tests="1" name="alaacademy.appium.SwipeDemo" time="6.724" errors="0" timestamp="04 Jan 2024 15:53:01 GMT" skipped="0">
  <testcase classname="alaacademy.appium.SwipeDemo" name="SwipeDemoTest" time="6.724"/>
</testsuite> <!-- alaacademy.appium.SwipeDemo -->
