<?xml version="1.0" encoding="UTF-8"?>
<!-- Generated by org.testng.reporters.JUnitReportReporter -->
<testsuite hostname="adeeb" failures="0" tests="1" name="AppiumHybridApp.eCommerce_TostMessage" time="7.823" errors="0" timestamp="08 Jan 2024 13:21:49 GMT" skipped="0">
  <testcase classname="AppiumHybridApp.eCommerce_TostMessage" name="fillForm" time="7.823"/>
</testsuite> <!-- AppiumHybridApp.eCommerce_TostMessage -->
