<?xml version="1.0" encoding="UTF-8"?>
<!-- Generated by org.testng.reporters.JUnitReportReporter -->
<testsuite hostname="adeeb" failures="0" tests="1" name="AppiumHybridApp.MobileBrowserTest" time="5.748" errors="0" timestamp="09 Jan 2024 17:04:04 GMT" skipped="0">
  <testcase classname="AppiumHybridApp.MobileBrowserTest" name="browserTest" time="5.748"/>
</testsuite> <!-- AppiumHybridApp.MobileBrowserTest -->
