<?xml version="1.0" encoding="UTF-8"?>
<!-- Generated by org.testng.reporters.JUnitReportReporter -->
<testsuite hostname="adeeb" failures="0" tests="1" name="alaacademy.appium.CheckBoxSelect" time="4.976" errors="0" timestamp="04 Jan 2024 16:52:41 GMT" skipped="0">
  <testcase classname="alaacademy.appium.CheckBoxSelect" name="CheckBoxSelect" time="4.976"/>
</testsuite> <!-- alaacademy.appium.CheckBoxSelect -->
