<?xml version="1.0" encoding="UTF-8"?>
<!-- Generated by org.testng.reporters.JUnitReportReporter -->
<testsuite hostname="adeeb" failures="0" tests="1" name="alaacademy.appium.ScrollDemo" time="29.978" errors="0" timestamp="04 Jan 2024 13:56:35 GMT" skipped="0">
  <testcase classname="alaacademy.appium.ScrollDemo" name="ScrollDemoTest" time="29.978"/>
</testsuite> <!-- alaacademy.appium.ScrollDemo -->
