<?xml version="1.0" encoding="UTF-8"?>
<!-- Generated by org.testng.reporters.JUnitReportReporter -->
<testsuite hostname="adeeb" failures="0" tests="1" name="AppiumHybridApp.eCommerce_TC_2" time="26.208" errors="0" timestamp="08 Jan 2024 14:11:13 GMT" skipped="0">
  <testcase classname="AppiumHybridApp.eCommerce_TC_2" name="fillForm" time="26.208"/>
</testsuite> <!-- AppiumHybridApp.eCommerce_TC_2 -->
