<?xml version="1.0" encoding="UTF-8"?>
<!-- Generated by org.testng.reporters.JUnitReportReporter -->
<testsuite hostname="adeeb" failures="0" tests="1" name="alaacademy.appium.MisceallanousAppiumFunctions" time="12.990" errors="0" timestamp="07 Jan 2024 11:49:41 GMT" skipped="0">
  <testcase classname="alaacademy.appium.MisceallanousAppiumFunctions" name="Miscellanous" time="12.990"/>
</testsuite> <!-- alaacademy.appium.MisceallanousAppiumFunctions -->
