<?xml version="1.0" encoding="UTF-8"?>
<!-- Generated by org.testng.reporters.JUnitReportReporter -->
<testsuite hostname="adeeb" failures="0" tests="1" name="AppiumHybridApp.eCommerce_TC_1" time="15.185" errors="0" timestamp="08 Jan 2024 13:07:24 GMT" skipped="0">
  <testcase classname="AppiumHybridApp.eCommerce_TC_1" name="fillForm" time="15.185"/>
</testsuite> <!-- AppiumHybridApp.eCommerce_TC_1 -->
