<?xml version="1.0" encoding="UTF-8"?>
<!-- Generated by org.testng.reporters.JUnitReportReporter -->
<testsuite hostname="adeeb" failures="0" tests="1" name="alaacademy.appium.LongPress" time="6.341" errors="0" timestamp="04 Jan 2024 02:02:36 GMT" skipped="0">
  <testcase classname="alaacademy.appium.LongPress" name="LongPress" time="6.341"/>
</testsuite> <!-- alaacademy.appium.LongPress -->
