<?xml version="1.0" encoding="UTF-8"?>
<!-- Generated by org.testng.reporters.JUnitReportReporter -->
<testsuite hostname="adeeb" failures="0" tests="1" name="AppiumHybridApp.eCommerce_Hybird_TC_4" time="30.438" errors="0" timestamp="09 Jan 2024 16:21:17 GMT" skipped="0">
  <testcase classname="AppiumHybridApp.eCommerce_Hybird_TC_4" name="fillForm" time="30.438"/>
</testsuite> <!-- AppiumHybridApp.eCommerce_Hybird_TC_4 -->
