<?xml version="1.0" encoding="UTF-8"?>
<!-- Generated by org.testng.reporters.JUnitReportReporter -->
<testsuite hostname="adeeb" failures="0" tests="1" name="alaacademy.appium.AppiumBasic" time="6.133" errors="0" timestamp="03 Jan 2024 19:08:06 GMT" skipped="0">
  <testcase classname="alaacademy.appium.AppiumBasic" name="WifiSettingName" time="6.133"/>
</testsuite> <!-- alaacademy.appium.AppiumBasic -->
